  [4;36;1mSQL (0.029120)[0m   [0;1mselect sqlite_version(*)[0m
  [4;35;1mSQL (0.003124)[0m   [0mCREATE TABLE schema_info (version integer)[0m
  [4;36;1mSQL (0.002307)[0m   [0;1mINSERT INTO schema_info (version) VALUES(0)[0m
  [4;35;1mSQL (0.000000)[0m   [0mSQLite3::SQLException: table schema_info already exists: CREATE TABLE schema_info (version integer)[0m
  [4;36;1mSQL (0.000345)[0m   [0;1mSELECT version FROM schema_info[0m
Migrating to AddUsersAndGroups (1)
  [4;35;1mSQL (0.002862)[0m   [0mCREATE TABLE users ("id" INTEGER PRIMARY KEY AUTOINCREMENT NOT NULL, "login" varchar(255) DEFAULT NULL, "created_at" datetime DEFAULT NULL, "updated_at" datetime DEFAULT NULL) [0m
  [4;36;1mSQL (0.002511)[0m   [0;1mCREATE TABLE groups ("id" INTEGER PRIMARY KEY AUTOINCREMENT NOT NULL, "name" varchar(255) DEFAULT NULL, "created_at" datetime DEFAULT NULL, "updated_at" datetime DEFAULT NULL) [0m
  [4;35;1mSQL (0.002216)[0m   [0mUPDATE schema_info SET version = 1[0m
  [4;36;1mSQL (0.000339)[0m   [0;1mSELECT * FROM schema_info[0m
  [4;35;1mSQL (0.000434)[0m   [0m SELECT name
 FROM sqlite_master
 WHERE type = 'table' AND NOT name = 'sqlite_sequence'
[0m
  [4;36;1mSQL (0.000076)[0m   [0;1mPRAGMA index_list(groups)[0m
  [4;35;1mSQL (0.000073)[0m   [0mPRAGMA index_list(users)[0m
  [4;36;1mSQL (0.000266)[0m   [0;1mselect sqlite_version(*)[0m
  [4;35;1mSQL (0.000000)[0m   [0mSQLite3::SQLException: table schema_info already exists: CREATE TABLE schema_info (version integer)[0m
  [4;36;1mSQL (0.000000)[0m   [0;1mSQLite3::SQLException: table schema_info already exists: CREATE TABLE schema_info (version integer)[0m
  [4;35;1mSQL (0.000178)[0m   [0mSELECT version FROM schema_info[0m
  [4;36;1mSQL (0.000147)[0m   [0;1mSELECT version FROM schema_info[0m
Migrating to AddRelationships (2)
  [4;35;1mSQL (0.003012)[0m   [0mCREATE TABLE relationships ("id" INTEGER PRIMARY KEY AUTOINCREMENT NOT NULL, "user_id" integer DEFAULT NULL, "groups_id" integer DEFAULT NULL, "created_at" datetime DEFAULT NULL, "updated_at" datetime DEFAULT NULL) [0m
  [4;36;1mSQL (0.002206)[0m   [0;1mUPDATE schema_info SET version = 2[0m
  [4;35;1mSQL (0.000286)[0m   [0mSELECT * FROM schema_info[0m
  [4;36;1mSQL (0.000385)[0m   [0;1m SELECT name
 FROM sqlite_master
 WHERE type = 'table' AND NOT name = 'sqlite_sequence'
[0m
  [4;35;1mSQL (0.000071)[0m   [0mPRAGMA index_list(groups)[0m
  [4;36;1mSQL (0.000071)[0m   [0;1mPRAGMA index_list(relationships)[0m
  [4;35;1mSQL (0.000074)[0m   [0mPRAGMA index_list(users)[0m
  [4;36;1mSQL (0.000424)[0m   [0;1m SELECT name
 FROM sqlite_master
 WHERE type = 'table' AND NOT name = 'sqlite_sequence'
[0m
  [4;36;1mSQL (0.000311)[0m   [0;1mselect sqlite_version(*)[0m
  [4;35;1mSQL (0.000000)[0m   [0mSQLite3::SQLException: table schema_info already exists: CREATE TABLE schema_info (version integer)[0m
  [4;36;1mSQL (0.000000)[0m   [0;1mSQLite3::SQLException: table schema_info already exists: CREATE TABLE schema_info (version integer)[0m
  [4;35;1mSQL (0.000179)[0m   [0mSELECT version FROM schema_info[0m
  [4;36;1mSQL (0.000150)[0m   [0;1mSELECT version FROM schema_info[0m
  [4;35;1mSQL (0.000143)[0m   [0mSELECT version FROM schema_info[0m
Migrating to AddMedia (3)
  [4;36;1mSQL (0.003494)[0m   [0;1mCREATE TABLE audioclips ("id" INTEGER PRIMARY KEY AUTOINCREMENT NOT NULL, "user_id" integer DEFAULT NULL, "group_id" integer DEFAULT NULL, "title" varchar(255) DEFAULT NULL, "created_at" datetime DEFAULT NULL, "updated_at" datetime DEFAULT NULL) [0m
  [4;35;1mSQL (0.002578)[0m   [0mCREATE TABLE videoclips ("id" INTEGER PRIMARY KEY AUTOINCREMENT NOT NULL, "user_id" integer DEFAULT NULL, "group_id" integer DEFAULT NULL, "title" varchar(255) DEFAULT NULL, "created_at" datetime DEFAULT NULL, "updated_at" datetime DEFAULT NULL) [0m
  [4;36;1mSQL (0.002305)[0m   [0;1mUPDATE schema_info SET version = 3[0m
  [4;35;1mSQL (0.000480)[0m   [0mSELECT * FROM schema_info[0m
  [4;36;1mSQL (0.000544)[0m   [0;1m SELECT name
 FROM sqlite_master
 WHERE type = 'table' AND NOT name = 'sqlite_sequence'
[0m
  [4;35;1mSQL (0.000068)[0m   [0mPRAGMA index_list(audioclips)[0m
  [4;36;1mSQL (0.000064)[0m   [0;1mPRAGMA index_list(groups)[0m
  [4;35;1mSQL (0.000065)[0m   [0mPRAGMA index_list(relationships)[0m
  [4;36;1mSQL (0.000071)[0m   [0;1mPRAGMA index_list(users)[0m
  [4;35;1mSQL (0.000068)[0m   [0mPRAGMA index_list(videoclips)[0m
  [4;35;1mUser Create (0.000616)[0m   [0mINSERT INTO users ("created_at", "updated_at", "login") VALUES('2008-09-03 03:52:02', '2008-09-03 03:52:02', 'skyfallsin')[0m
  [4;36;1mSQL (0.000658)[0m   [0;1m SELECT name
 FROM sqlite_master
 WHERE type = 'table' AND NOT name = 'sqlite_sequence'
[0m
  [4;35;1mSQL (0.000634)[0m   [0m SELECT name
 FROM sqlite_master
 WHERE type = 'table' AND NOT name = 'sqlite_sequence'
[0m
  [4;36;1mSQL (0.000869)[0m   [0;1m SELECT name
 FROM sqlite_master
 WHERE type = 'table' AND NOT name = 'sqlite_sequence'
[0m
DEPRECATION WARNING: config.action_view.cache_template_extensions option has beendeprecated and has no effect. Please remove it from your config files.  See http://www.rubyonrails.org/deprecation for details. (called from send at /Users/pradeep/intridea/intridea-assets/presentations/lonestar/labs/lab2-models/config/../vendor/rails/railties/lib/initializer.rb:510)
DEPRECATION WARNING: COUNTRIES is deprecated! Use ActionView::Helpers::FormCountryHelper::COUNTRIES instead.  See http://www.rubyonrails.org/deprecation for details. (called from include_all_modules_from at /Users/pradeep/intridea/intridea-assets/presentations/lonestar/labs/lab2-models/vendor/rails/railties/lib/console_with_helpers.rb:5)
  [4;36;1mUser Load (0.000667)[0m   [0;1mSELECT * FROM "users" LIMIT 1[0m
  [4;35;1mVideoclip Load (0.000158)[0m   [0mSELECT * FROM "videoclips" WHERE ("videoclips".user_id = 1) [0m
  [4;36;1mUser Load (0.000438)[0m   [0;1mSELECT * FROM "users" LIMIT 1[0m
  [4;35;1mGroup Load (0.000000)[0m   [0mSQLite3::SQLException: no such column: relationships.group_id: SELECT "groups".* FROM "groups" INNER JOIN relationships ON groups.id = relationships.group_id WHERE (("relationships".user_id = 1)) [0m
DEPRECATION WARNING: config.action_view.cache_template_extensions option has beendeprecated and has no effect. Please remove it from your config files.  See http://www.rubyonrails.org/deprecation for details. (called from send at /Users/pradeep/intridea/intridea-assets/presentations/lonestar/labs/lab2-models/config/../vendor/rails/railties/lib/initializer.rb:510)
DEPRECATION WARNING: config.action_view.cache_template_extensions option has beendeprecated and has no effect. Please remove it from your config files.  See http://www.rubyonrails.org/deprecation for details. (called from send at /Users/pradeep/intridea/intridea-assets/presentations/lonestar/labs/lab2-models/config/../vendor/rails/railties/lib/initializer.rb:510)
DEPRECATION WARNING: config.action_view.cache_template_extensions option has beendeprecated and has no effect. Please remove it from your config files.  See http://www.rubyonrails.org/deprecation for details. (called from send at /Users/pradeep/intridea/intridea-assets/presentations/lonestar/labs/lab2-models/config/../vendor/rails/railties/lib/initializer.rb:510)
  [4;36;1mSQL (0.000285)[0m   [0;1m SELECT name
 FROM sqlite_master
 WHERE type = 'table' AND NOT name = 'sqlite_sequence'
[0m
  [4;35;1mSQL (0.000181)[0m   [0mselect sqlite_version(*)[0m
  [4;36;1mSQL (0.003671)[0m   [0;1mCREATE TABLE "schema_migrations" ("version" varchar(255) NOT NULL) [0m
  [4;35;1mSQL (0.002583)[0m   [0mCREATE UNIQUE INDEX "unique_schema_migrations" ON "schema_migrations" ("version")[0m
  [4;36;1mSQL (0.000319)[0m   [0;1m SELECT name
 FROM sqlite_master
 WHERE type = 'table' AND NOT name = 'sqlite_sequence'
[0m
  [4;35;1mSQL (0.000144)[0m   [0mSELECT version FROM schema_migrations[0m
  [4;36;1mSQL (0.000184)[0m   [0;1mSELECT version FROM schema_migrations[0m
  [4;35;1mSQL (0.000127)[0m   [0mSELECT version FROM schema_migrations[0m
Migrating to AddUsersAndGroups (1)
  [4;36;1mSQL (0.000140)[0m   [0;1mSELECT version FROM schema_migrations[0m
  [4;35;1mSQL (0.015828)[0m   [0mCREATE TABLE "users" ("id" INTEGER PRIMARY KEY AUTOINCREMENT NOT NULL, "login" varchar(255), "created_at" datetime, "updated_at" datetime) [0m
  [4;36;1mSQL (0.010384)[0m   [0;1mCREATE TABLE "groups" ("id" INTEGER PRIMARY KEY AUTOINCREMENT NOT NULL, "name" varchar(255), "created_at" datetime, "updated_at" datetime) [0m
  [4;35;1mSQL (0.002091)[0m   [0mINSERT INTO schema_migrations (version) VALUES ('1')[0m
Migrating to AddRelationships (2)
  [4;36;1mSQL (0.000335)[0m   [0;1mSELECT version FROM schema_migrations[0m
  [4;35;1mSQL (0.075765)[0m   [0mCREATE TABLE "relationships" ("id" INTEGER PRIMARY KEY AUTOINCREMENT NOT NULL, "user_id" integer, "group_id" integer, "created_at" datetime, "updated_at" datetime) [0m
  [4;36;1mSQL (0.013045)[0m   [0;1mINSERT INTO schema_migrations (version) VALUES ('2')[0m
Migrating to AddMedia (3)
  [4;35;1mSQL (0.000525)[0m   [0mSELECT version FROM schema_migrations[0m
  [4;36;1mSQL (0.011872)[0m   [0;1mCREATE TABLE "audioclips" ("id" INTEGER PRIMARY KEY AUTOINCREMENT NOT NULL, "user_id" integer, "group_id" integer, "title" varchar(255), "created_at" datetime, "updated_at" datetime) [0m
  [4;35;1mSQL (0.002169)[0m   [0mCREATE TABLE "videoclips" ("id" INTEGER PRIMARY KEY AUTOINCREMENT NOT NULL, "user_id" integer, "group_id" integer, "title" varchar(255), "created_at" datetime, "updated_at" datetime) [0m
  [4;36;1mSQL (0.017544)[0m   [0;1mINSERT INTO schema_migrations (version) VALUES ('3')[0m
  [4;35;1mSQL (0.000456)[0m   [0mSELECT version FROM schema_migrations[0m
  [4;36;1mSQL (0.000509)[0m   [0;1m SELECT name
 FROM sqlite_master
 WHERE type = 'table' AND NOT name = 'sqlite_sequence'
[0m
  [4;35;1mSQL (0.000065)[0m   [0mPRAGMA index_list("audioclips")[0m
  [4;36;1mSQL (0.000176)[0m   [0;1mPRAGMA index_list("groups")[0m
  [4;35;1mSQL (0.000098)[0m   [0mPRAGMA index_list("relationships")[0m
  [4;36;1mSQL (0.000074)[0m   [0;1mPRAGMA index_list("users")[0m
  [4;35;1mSQL (0.000068)[0m   [0mPRAGMA index_list("videoclips")[0m
  [4;36;1mUser Load (0.000574)[0m   [0;1mSELECT * FROM "users" LIMIT 1[0m
  [4;35;1mUser Load (0.000250)[0m   [0mSELECT * FROM "users" LIMIT 1[0m
  [4;36;1mUser Create (0.123378)[0m   [0;1mINSERT INTO "users" ("created_at", "updated_at", "login") VALUES('2008-09-03 03:58:12', '2008-09-03 03:58:12', 'skyfallsin')[0m
  [4;35;1mUser Load (0.000428)[0m   [0mSELECT * FROM "users" LIMIT 1[0m
  [4;36;1mUser Load (0.000401)[0m   [0;1mSELECT * FROM "users" LIMIT 1[0m
  [4;35;1mGroup Load (0.000400)[0m   [0mSELECT "groups".* FROM "groups" INNER JOIN relationships ON groups.id = relationships.group_id WHERE (("relationships".user_id = 1)) [0m
  [4;36;1mUser Load (0.000405)[0m   [0;1mSELECT * FROM "users" LIMIT 1[0m
  [4;35;1mGroup Load (0.000000)[0m   [0mSQLite3::SQLException: no such column: rank: SELECT "groups".* FROM "groups" INNER JOIN relationships ON groups.id = relationships.group_id WHERE (rank < 10) AND (("relationships".user_id = 1)) LIMIT 5[0m
  [4;36;1mUser Load (0.000513)[0m   [0;1mSELECT * FROM "users" LIMIT 1[0m
  [4;35;1mGroup Load (0.000000)[0m   [0mSQLite3::SQLException: no such column: rank: SELECT "groups".* FROM "groups" INNER JOIN relationships ON groups.id = relationships.group_id WHERE (rank < 10) AND (("relationships".user_id = 1)) LIMIT 5[0m
  [4;36;1mUser Load (0.000695)[0m   [0;1mSELECT * FROM "users" LIMIT 1[0m
  [4;35;1mGroup Load (0.000000)[0m   [0mSQLite3::SQLException: no such column: groups.rank: SELECT "groups".* FROM "groups" INNER JOIN relationships ON groups.id = relationships.group_id WHERE (groups.rank < 10) AND (("relationships".user_id = 1)) LIMIT 5[0m
DEPRECATION WARNING: config.action_view.cache_template_extensions option has beendeprecated and has no effect. Please remove it from your config files.  See http://www.rubyonrails.org/deprecation for details. (called from send at /Users/pradeep/intridea/intridea-assets/presentations/lonestar/labs/lab2-models/config/../vendor/rails/railties/lib/initializer.rb:510)
DEPRECATION WARNING: config.action_view.cache_template_extensions option has beendeprecated and has no effect. Please remove it from your config files.  See http://www.rubyonrails.org/deprecation for details. (called from send at /Users/pradeep/intridea/intridea-assets/presentations/lonestar/labs/lab2-models/config/../vendor/rails/railties/lib/initializer.rb:510)
DEPRECATION WARNING: config.action_view.cache_template_extensions option has beendeprecated and has no effect. Please remove it from your config files.  See http://www.rubyonrails.org/deprecation for details. (called from send at /Users/pradeep/intridea/intridea-assets/presentations/lonestar/labs/lab2-models/config/../vendor/rails/railties/lib/initializer.rb:510)
  [4;36;1mSQL (0.000298)[0m   [0;1m SELECT name
 FROM sqlite_master
 WHERE type = 'table' AND NOT name = 'sqlite_sequence'
[0m
  [4;35;1mSQL (0.000183)[0m   [0mselect sqlite_version(*)[0m
  [4;36;1mSQL (0.003119)[0m   [0;1mCREATE TABLE "schema_migrations" ("version" varchar(255) NOT NULL) [0m
  [4;35;1mSQL (0.002301)[0m   [0mCREATE UNIQUE INDEX "unique_schema_migrations" ON "schema_migrations" ("version")[0m
  [4;36;1mSQL (0.000345)[0m   [0;1m SELECT name
 FROM sqlite_master
 WHERE type = 'table' AND NOT name = 'sqlite_sequence'
[0m
  [4;35;1mSQL (0.000165)[0m   [0mSELECT version FROM schema_migrations[0m
  [4;36;1mSQL (0.000188)[0m   [0;1mSELECT version FROM schema_migrations[0m
  [4;35;1mSQL (0.000170)[0m   [0mSELECT version FROM schema_migrations[0m
Migrating to AddUsersAndGroups (1)
  [4;36;1mSQL (0.000229)[0m   [0;1mSELECT version FROM schema_migrations[0m
  [4;35;1mSQL (0.002045)[0m   [0mCREATE TABLE "users" ("id" INTEGER PRIMARY KEY AUTOINCREMENT NOT NULL, "login" varchar(255), "created_at" datetime, "updated_at" datetime) [0m
  [4;36;1mSQL (0.001965)[0m   [0;1mCREATE TABLE "groups" ("id" INTEGER PRIMARY KEY AUTOINCREMENT NOT NULL, "name" varchar(255), "rank" integer DEFAULT 5, "created_at" datetime, "updated_at" datetime) [0m
  [4;35;1mSQL (0.001970)[0m   [0mINSERT INTO schema_migrations (version) VALUES ('1')[0m
Migrating to AddRelationships (2)
  [4;36;1mSQL (0.000345)[0m   [0;1mSELECT version FROM schema_migrations[0m
  [4;35;1mSQL (0.002282)[0m   [0mCREATE TABLE "relationships" ("id" INTEGER PRIMARY KEY AUTOINCREMENT NOT NULL, "user_id" integer, "group_id" integer, "created_at" datetime, "updated_at" datetime) [0m
  [4;36;1mSQL (0.002301)[0m   [0;1mINSERT INTO schema_migrations (version) VALUES ('2')[0m
Migrating to AddMedia (3)
  [4;35;1mSQL (0.000495)[0m   [0mSELECT version FROM schema_migrations[0m
  [4;36;1mSQL (0.002107)[0m   [0;1mCREATE TABLE "audioclips" ("id" INTEGER PRIMARY KEY AUTOINCREMENT NOT NULL, "user_id" integer, "group_id" integer, "title" varchar(255), "created_at" datetime, "updated_at" datetime) [0m
  [4;35;1mSQL (0.003141)[0m   [0mCREATE TABLE "videoclips" ("id" INTEGER PRIMARY KEY AUTOINCREMENT NOT NULL, "user_id" integer, "group_id" integer, "title" varchar(255), "created_at" datetime, "updated_at" datetime) [0m
  [4;36;1mSQL (0.002454)[0m   [0;1mINSERT INTO schema_migrations (version) VALUES ('3')[0m
  [4;35;1mSQL (0.000788)[0m   [0mSELECT version FROM schema_migrations[0m
  [4;36;1mSQL (0.000561)[0m   [0;1m SELECT name
 FROM sqlite_master
 WHERE type = 'table' AND NOT name = 'sqlite_sequence'
[0m
  [4;35;1mSQL (0.000102)[0m   [0mPRAGMA index_list("audioclips")[0m
  [4;36;1mSQL (0.000078)[0m   [0;1mPRAGMA index_list("groups")[0m
  [4;35;1mSQL (0.000261)[0m   [0mPRAGMA index_list("relationships")[0m
  [4;36;1mSQL (0.000048)[0m   [0;1mPRAGMA index_list("users")[0m
  [4;35;1mSQL (0.000046)[0m   [0mPRAGMA index_list("videoclips")[0m
  [4;36;1mUser Create (0.000446)[0m   [0;1mINSERT INTO "users" ("created_at", "updated_at", "login") VALUES('2008-09-03 03:59:30', '2008-09-03 03:59:30', 'skyfallsin')[0m
  [4;35;1mUser Load (0.000451)[0m   [0mSELECT * FROM "users" LIMIT 1[0m
  [4;36;1mGroup Load (0.000312)[0m   [0;1mSELECT "groups".* FROM "groups" INNER JOIN relationships ON groups.id = relationships.group_id WHERE (groups.rank < 10) AND (("relationships".user_id = 1)) LIMIT 5[0m
